Removed Pin From Net: NetName=24V Pin=ADCS Conn-0
Removed Pin From Net: NetName=3.3V Pin=ADCSHS1-1
Removed Pin From Net: NetName=GND Pin=ADCSHS1-2
Removed Pin From Net: NetName=3.3V Pin=ADCSHSC2-1
Removed Pin From Net: NetName=GND Pin=ADCSHSC2-2
Removed Pin From Net: NetName=3.3V Pin=ADCSHSC3-1
Removed Pin From Net: NetName=GND Pin=ADCSHSC3-2
Removed Pin From Net: NetName=24V Pin=C1-2
Removed Pin From Net: NetName=24V Pin=C2-2
Removed Pin From Net: NetName=24V Pin=C3-2
Removed Pin From Net: NetName=24V Pin=C4-2
Removed Pin From Net: NetName=24V Pin=C5-2
Removed Pin From Net: NetName=24V Pin=C6-2
Removed Pin From Net: NetName=GND Pin=C7-1
Removed Pin From Net: NetName=3.3V Pin=C7-2
Removed Pin From Net: NetName=GND Pin=C8-1
Removed Pin From Net: NetName=3.3V Pin=C8-2
Removed Pin From Net: NetName=GND Pin=C9-1
Removed Pin From Net: NetName=3.3V Pin=C9-2
Removed Pin From Net: NetName=GND Pin=C10-1
Removed Pin From Net: NetName=3.3V Pin=C10-2
Removed Pin From Net: NetName=GND Pin=C11-1
Removed Pin From Net: NetName=3.3V Pin=C11-2
Removed Pin From Net: NetName=GND Pin=C12-1
Removed Pin From Net: NetName=3.3V Pin=C12-2
Removed Pin From Net: NetName=GND Pin=C13-2
Removed Pin From Net: NetName=GND Pin=C14-2
Removed Pin From Net: NetName=GND Pin=C15-2
Removed Pin From Net: NetName=3.3V Pin=C23-1
Removed Pin From Net: NetName=GND Pin=C23-2
Removed Pin From Net: NetName=GND Pin=C24-1
Removed Pin From Net: NetName=3.3V Pin=C24-2
Removed Pin From Net: NetName=GND Pin=C25-1
Removed Pin From Net: NetName=3.3V Pin=C25-2
Removed Pin From Net: NetName=GPIO_4 Pin=CS Mux-1
Removed Pin From Net: NetName=GND Pin=CS Mux-3
Removed Pin From Net: NetName=3.3V Pin=CS Mux-5
Removed Pin From Net: NetName=3.3V Pin=CS Mux-6
Removed Pin From Net: NetName=CS Pin=CS Mux-8
Removed Pin From Net: NetName=GPIO_3 Pin=CS Mux-10
Removed Pin From Net: NetName=3.3V Pin=DigiPot 1-1
Removed Pin From Net: NetName=GND Pin=DigiPot 1-4
Removed Pin From Net: NetName=24V Pin=DigiPot 1-6
Removed Pin From Net: NetName=3.3V Pin=DigiPot 1-8
Removed Pin From Net: NetName=GND Pin=DigiPot 1-9
Removed Pin From Net: NetName=SCK Pin=DigiPot 1-11
Removed Pin From Net: NetName=DOUT Pin=DigiPot 1-13
Removed Pin From Net: NetName=3.3V Pin=DigiPot 2-1
Removed Pin From Net: NetName=GND Pin=DigiPot 2-4
Removed Pin From Net: NetName=24V Pin=DigiPot 2-6
Removed Pin From Net: NetName=3.3V Pin=DigiPot 2-8
Removed Pin From Net: NetName=GND Pin=DigiPot 2-9
Removed Pin From Net: NetName=SCK Pin=DigiPot 2-11
Removed Pin From Net: NetName=DOUT Pin=DigiPot 2-13
Removed Pin From Net: NetName=3.3V Pin=DigiPot 3-1
Removed Pin From Net: NetName=GND Pin=DigiPot 3-4
Removed Pin From Net: NetName=24V Pin=DigiPot 3-6
Removed Pin From Net: NetName=3.3V Pin=DigiPot 3-8
Removed Pin From Net: NetName=GND Pin=DigiPot 3-9
Removed Pin From Net: NetName=SCK Pin=DigiPot 3-11
Removed Pin From Net: NetName=DOUT Pin=DigiPot 3-13
Removed Pin From Net: NetName=GPIO_22 Pin=HS Mux-1
Removed Pin From Net: NetName=GND Pin=HS Mux-3
Removed Pin From Net: NetName=3.3V Pin=HS Mux-5
Removed Pin From Net: NetName=3.3V Pin=HS Mux-6
Removed Pin From Net: NetName=A0 Pin=HS Mux-8
Removed Pin From Net: NetName=GPIO_23 Pin=HS Mux-10
Removed Pin From Net: NetName=GPIO_5 Pin=Inverter-1
Removed Pin From Net: NetName=GPIO_16 Pin=Inverter-3
Removed Pin From Net: NetName=GND Pin=Inverter-4
Removed Pin From Net: NetName=GPIO_12 Pin=Inverter-6
Removed Pin From Net: NetName=3.3V Pin=Inverter-8
Removed Pin From Net: NetName=GND Pin=Motor1-0
Removed Pin From Net: NetName=GND Pin=Motor2-0
Removed Pin From Net: NetName=GND Pin=Motor3-0
Removed Pin From Net: NetName=24V Pin=R1-2
Removed Pin From Net: NetName=24V Pin=R2-2
Removed Pin From Net: NetName=24V Pin=R3-2
Removed Member From Class: ClassName=Top Member=ADCSHS1
Removed Member From Class: ClassName=Top Member=ADCSHSC2
Removed Member From Class: ClassName=Top Member=ADCSHSC3
Removed Member From Class: ClassName=Top Member=C1
Removed Member From Class: ClassName=Top Member=C2
Removed Member From Class: ClassName=Top Member=C3
Removed Member From Class: ClassName=Top Member=C4
Removed Member From Class: ClassName=Top Member=C5
Removed Member From Class: ClassName=Top Member=C6
Removed Member From Class: ClassName=Top Member=C7
Removed Member From Class: ClassName=Top Member=C8
Removed Member From Class: ClassName=Top Member=C9
Removed Member From Class: ClassName=Top Member=C10
Removed Member From Class: ClassName=Top Member=C11
Removed Member From Class: ClassName=Top Member=C12
Removed Member From Class: ClassName=Top Member=C13
Removed Member From Class: ClassName=Top Member=C14
Removed Member From Class: ClassName=Top Member=C15
Removed Member From Class: ClassName=Top Member=C23
Removed Member From Class: ClassName=Top Member=C24
Removed Member From Class: ClassName=Top Member=C25
Removed Member From Class: ClassName=Top Member=C30
Removed Member From Class: ClassName=Top Member=CS Mux
Removed Member From Class: ClassName=Top Member=DigiPot 1
Removed Member From Class: ClassName=Top Member=DigiPot 2
Removed Member From Class: ClassName=Top Member=DigiPot 3
Removed Member From Class: ClassName=Top Member=Hall 1
Removed Member From Class: ClassName=Top Member=HS Mux
Removed Member From Class: ClassName=Top Member=Inverter
Removed Member From Class: ClassName=Top Member=R1
Removed Member From Class: ClassName=Top Member=R2
Removed Member From Class: ClassName=Top Member=R3
Removed Member From Class: ClassName=Top Member=Sun Sensor 1
Change Component Description : Designator=ADCS Conn Old Description=Molex Picoblade 5 Pin New Description=Molex Picoblade 53261-0571
Change Component Description : Designator=Motor1 Old Description=Molex Picoblade 5 Pin New Description=Molex Picoblade 53261-0571
Change Component Description : Designator=Motor2 Old Description=Molex Picoblade 5 Pin New Description=Molex Picoblade 53261-0571
Change Component Description : Designator=Motor3 Old Description=Molex Picoblade 5 Pin New Description=Molex Picoblade 53261-0571
